0 info it worked if it ends with ok
1 verbose cli [ '/usr/local/bin/node', '/usr/local/bin/npm', 'run', 'commit' ]
2 info using npm@3.10.3
3 info using node@v6.7.0
4 verbose run-script [ 'precommit', 'commit', 'postcommit' ]
5 info lifecycle updata@0.5.5~precommit: updata@0.5.5
6 verbose lifecycle updata@0.5.5~precommit: unsafe-perm in lifecycle true
7 verbose lifecycle updata@0.5.5~precommit: PATH: /usr/local/lib/node_modules/npm/bin/node-gyp-bin:/Users/vincent.sisk/code/hg-subrepo-updater/node_modules/.bin:/usr/local/bin:/usr/local/bin:/usr/bin:/bin:/usr/sbin:/sbin:/usr/local/go/bin:/Users/vincent.sisk/code/go/bin:/usr/local/share/scala-2.12.0/bin
8 verbose lifecycle updata@0.5.5~precommit: CWD: /Users/vincent.sisk/code/hg-subrepo-updater
9 silly lifecycle updata@0.5.5~precommit: Args: [ '-c', 'npm run test:once' ]
10 silly lifecycle updata@0.5.5~precommit: Returned: code: 0  signal: null
11 info lifecycle updata@0.5.5~commit: updata@0.5.5
12 verbose lifecycle updata@0.5.5~commit: unsafe-perm in lifecycle true
13 verbose lifecycle updata@0.5.5~commit: PATH: /usr/local/lib/node_modules/npm/bin/node-gyp-bin:/Users/vincent.sisk/code/hg-subrepo-updater/node_modules/.bin:/usr/local/bin:/usr/local/bin:/usr/bin:/bin:/usr/sbin:/sbin:/usr/local/go/bin:/Users/vincent.sisk/code/go/bin:/usr/local/share/scala-2.12.0/bin
14 verbose lifecycle updata@0.5.5~commit: CWD: /Users/vincent.sisk/code/hg-subrepo-updater
15 silly lifecycle updata@0.5.5~commit: Args: [ '-c', 'git-cz' ]
16 silly lifecycle updata@0.5.5~commit: Returned: code: 1  signal: null
17 info lifecycle updata@0.5.5~commit: Failed to exec commit script
18 verbose stack Error: updata@0.5.5 commit: `git-cz`
18 verbose stack Exit status 1
18 verbose stack     at EventEmitter.<anonymous> (/usr/local/lib/node_modules/npm/lib/utils/lifecycle.js:242:16)
18 verbose stack     at emitTwo (events.js:106:13)
18 verbose stack     at EventEmitter.emit (events.js:191:7)
18 verbose stack     at ChildProcess.<anonymous> (/usr/local/lib/node_modules/npm/lib/utils/spawn.js:40:14)
18 verbose stack     at emitTwo (events.js:106:13)
18 verbose stack     at ChildProcess.emit (events.js:191:7)
18 verbose stack     at maybeClose (internal/child_process.js:877:16)
18 verbose stack     at Process.ChildProcess._handle.onexit (internal/child_process.js:226:5)
19 verbose pkgid updata@0.5.5
20 verbose cwd /Users/vincent.sisk/code/hg-subrepo-updater
21 error Darwin 15.6.0
22 error argv "/usr/local/bin/node" "/usr/local/bin/npm" "run" "commit"
23 error node v6.7.0
24 error npm  v3.10.3
25 error code ELIFECYCLE
26 error updata@0.5.5 commit: `git-cz`
26 error Exit status 1
27 error Failed at the updata@0.5.5 commit script 'git-cz'.
27 error Make sure you have the latest version of node.js and npm installed.
27 error If you do, this is most likely a problem with the updata package,
27 error not with npm itself.
27 error Tell the author that this fails on your system:
27 error     git-cz
27 error You can get information on how to open an issue for this project with:
27 error     npm bugs updata
27 error Or if that isn't available, you can get their info via:
27 error     npm owner ls updata
27 error There is likely additional logging output above.
28 verbose exit [ 1, true ]
